
7월 17, 2018 11:55:19.46 NEW SESSION
7월 17, 2018 11:55:19.46 [4904:1716:0717/115519.463:ERROR:install_util.cc(589)] Unable to create registry key HKLM\SOFTWARE\Policies\Google\Chrome for reading result=2
7월 17, 2018 11:56:56.82 [4780:5116:0717/115656.821:ERROR:install_util.cc(589)] Unable to create registry key HKLM\SOFTWARE\Policies\Google\Chrome for reading result=2
7월 17, 2018 13:23:14.89 Unable to read VR Path Registry from C:\Users\user\AppData\Local\openvr\openvrpaths.vrpath
7월 17, 2018 13:23:29.07 [5044:4768:0717/132329.075:ERROR:install_util.cc(589)] Unable to create registry key HKLM\SOFTWARE\Policies\Google\Chrome for reading result=2
7월 18, 2018 09:38:16.26 [5652:988:0718/093816.262:ERROR:install_util.cc(589)] Unable to create registry key HKLM\SOFTWARE\Policies\Google\Chrome for reading result=2

7월 24, 2018 09:34:11.51 NEW SESSION
7월 24, 2018 09:34:11.51 [4264:4936:0724/093411.517:ERROR:install_util.cc(589)] Unable to create registry key HKLM\SOFTWARE\Policies\Google\Chrome for reading result=2
7월 24, 2018 13:01:45.94 [5168:736:0724/130145.946:ERROR:install_util.cc(589)] Unable to create registry key HKLM\SOFTWARE\Policies\Google\Chrome for reading result=2

7월 27, 2018 11:23:26.19 NEW SESSION
7월 27, 2018 11:23:26.19 [5932:5288:0727/112326.198:ERROR:install_util.cc(589)] Unable to create registry key HKLM\SOFTWARE\Policies\Google\Chrome for reading result=2
7월 27, 2018 11:23:26.40 [5932:5288:0727/112326.401:ERROR:in_progress_cache_impl.cc(188)] Cache is not initialized, cannot RetrieveEntry.
7월 27, 2018 11:23:26.40 [5932:5288:0727/112326.401:ERROR:in_progress_cache_impl.cc(188)] Cache is not initialized, cannot RetrieveEntry.
7월 27, 2018 11:23:26.40 [5932:5288:0727/112326.401:ERROR:in_progress_cache_impl.cc(188)] Cache is not initialized, cannot RetrieveEntry.
7월 27, 2018 11:23:26.40 [5932:5288:0727/112326.401:ERROR:in_progress_cache_impl.cc(188)] Cache is not initialized, cannot RetrieveEntry.
7월 27, 2018 11:23:26.40 [5932:5288:0727/112326.401:ERROR:in_progress_cache_impl.cc(188)] Cache is not initialized, cannot RetrieveEntry.
7월 27, 2018 11:23:26.40 [5932:5288:0727/112326.401:ERROR:in_progress_cache_impl.cc(188)] Cache is not initialized, cannot RetrieveEntry.
7월 27, 2018 11:23:26.40 [5932:5288:0727/112326.401:ERROR:in_progress_cache_impl.cc(188)] Cache is not initialized, cannot RetrieveEntry.
7월 27, 2018 11:23:26.40 [5932:5288:0727/112326.401:ERROR:in_progress_cache_impl.cc(188)] Cache is not initialized, cannot RetrieveEntry.
7월 27, 2018 11:23:26.40 [5932:5288:0727/112326.401:ERROR:in_progress_cache_impl.cc(188)] Cache is not initialized, cannot RetrieveEntry.
7월 27, 2018 11:23:26.40 [5932:5288:0727/112326.401:ERROR:in_progress_cache_impl.cc(188)] Cache is not initialized, cannot RetrieveEntry.
7월 27, 2018 11:23:26.40 [5932:5288:0727/112326.401:ERROR:in_progress_cache_impl.cc(188)] Cache is not initialized, cannot RetrieveEntry.
7월 27, 2018 11:23:26.40 [5932:5288:0727/112326.401:ERROR:in_progress_cache_impl.cc(188)] Cache is not initialized, cannot RetrieveEntry.
7월 27, 2018 11:23:26.40 [5932:5288:0727/112326.401:ERROR:in_progress_cache_impl.cc(188)] Cache is not initialized, cannot RetrieveEntry.
7월 27, 2018 11:23:26.40 [5932:5288:0727/112326.401:ERROR:in_progress_cache_impl.cc(188)] Cache is not initialized, cannot RetrieveEntry.
7월 27, 2018 11:23:26.40 [5932:5288:0727/112326.401:ERROR:in_progress_cache_impl.cc(188)] Cache is not initialized, cannot RetrieveEntry.
7월 27, 2018 11:23:26.40 [5932:5288:0727/112326.401:ERROR:in_progress_cache_impl.cc(188)] Cache is not initialized, cannot RetrieveEntry.
7월 27, 2018 11:23:26.40 [5932:5288:0727/112326.401:ERROR:in_progress_cache_impl.cc(188)] Cache is not initialized, cannot RetrieveEntry.
7월 27, 2018 11:23:26.40 [5932:5288:0727/112326.401:ERROR:in_progress_cache_impl.cc(188)] Cache is not initialized, cannot RetrieveEntry.
7월 27, 2018 11:23:26.40 [5932:5288:0727/112326.401:ERROR:in_progress_cache_impl.cc(188)] Cache is not initialized, cannot RetrieveEntry.
7월 27, 2018 11:23:26.40 [5932:5288:0727/112326.401:ERROR:in_progress_cache_impl.cc(188)] Cache is not initialized, cannot RetrieveEntry.
7월 27, 2018 11:23:26.40 [5932:5288:0727/112326.401:ERROR:in_progress_cache_impl.cc(188)] Cache is not initialized, cannot RetrieveEntry.
7월 27, 2018 11:23:26.40 [5932:5288:0727/112326.401:ERROR:in_progress_cache_impl.cc(188)] Cache is not initialized, cannot RetrieveEntry.
7월 27, 2018 11:23:26.40 [5932:5288:0727/112326.401:ERROR:in_progress_cache_impl.cc(188)] Cache is not initialized, cannot RetrieveEntry.
7월 27, 2018 11:23:26.40 [5932:5288:0727/112326.401:ERROR:in_progress_cache_impl.cc(188)] Cache is not initialized, cannot RetrieveEntry.
7월 27, 2018 11:23:26.40 [5932:5288:0727/112326.401:ERROR:in_progress_cache_impl.cc(188)] Cache is not initialized, cannot RetrieveEntry.
7월 27, 2018 11:23:26.40 [5932:5288:0727/112326.401:ERROR:in_progress_cache_impl.cc(188)] Cache is not initialized, cannot RetrieveEntry.
7월 27, 2018 11:23:26.40 [5932:5288:0727/112326.401:ERROR:in_progress_cache_impl.cc(188)] Cache is not initialized, cannot RetrieveEntry.
7월 27, 2018 11:23:26.40 [5932:5288:0727/112326.401:ERROR:in_progress_cache_impl.cc(188)] Cache is not initialized, cannot RetrieveEntry.
7월 27, 2018 11:23:26.40 [5932:5288:0727/112326.401:ERROR:in_progress_cache_impl.cc(188)] Cache is not initialized, cannot RetrieveEntry.
7월 27, 2018 11:23:26.40 [5932:5288:0727/112326.401:ERROR:in_progress_cache_impl.cc(188)] Cache is not initialized, cannot RetrieveEntry.
7월 27, 2018 11:23:26.40 [5932:5288:0727/112326.401:ERROR:in_progress_cache_impl.cc(188)] Cache is not initialized, cannot RetrieveEntry.
7월 27, 2018 11:23:26.40 [5932:5288:0727/112326.401:ERROR:in_progress_cache_impl.cc(188)] Cache is not initialized, cannot RetrieveEntry.
7월 27, 2018 11:23:26.40 [5932:5288:0727/112326.401:ERROR:in_progress_cache_impl.cc(188)] Cache is not initialized, cannot RetrieveEntry.
7월 27, 2018 11:23:26.40 [5932:5288:0727/112326.401:ERROR:in_progress_cache_impl.cc(188)] Cache is not initialized, cannot RetrieveEntry.
7월 27, 2018 11:23:26.40 [5932:5288:0727/112326.401:ERROR:in_progress_cache_impl.cc(188)] Cache is not initialized, cannot RetrieveEntry.
7월 27, 2018 11:23:26.40 [5932:5288:0727/112326.401:ERROR:in_progress_cache_impl.cc(188)] Cache is not initialized, cannot RetrieveEntry.
7월 27, 2018 11:23:26.40 [5932:5288:0727/112326.401:ERROR:in_progress_cache_impl.cc(188)] Cache is not initialized, cannot RetrieveEntry.
7월 27, 2018 11:23:26.40 [5932:5288:0727/112326.401:ERROR:in_progress_cache_impl.cc(188)] Cache is not initialized, cannot RetrieveEntry.
7월 27, 2018 11:23:26.40 [5932:5288:0727/112326.401:ERROR:in_progress_cache_impl.cc(188)] Cache is not initialized, cannot RetrieveEntry.
7월 27, 2018 11:23:26.40 [5932:5288:0727/112326.401:ERROR:in_progress_cache_impl.cc(188)] Cache is not initialized, cannot RetrieveEntry.
7월 27, 2018 11:23:26.40 [5932:5288:0727/112326.401:ERROR:in_progress_cache_impl.cc(188)] Cache is not initialized, cannot RetrieveEntry.
7월 27, 2018 11:23:26.40 [5932:5288:0727/112326.401:ERROR:in_progress_cache_impl.cc(188)] Cache is not initialized, cannot RetrieveEntry.
7월 27, 2018 11:23:26.40 [5932:5288:0727/112326.401:ERROR:in_progress_cache_impl.cc(188)] Cache is not initialized, cannot RetrieveEntry.
7월 27, 2018 11:23:26.40 [5932:5288:0727/112326.401:ERROR:in_progress_cache_impl.cc(188)] Cache is not initialized, cannot RetrieveEntry.
7월 27, 2018 11:23:26.40 [5932:5288:0727/112326.401:ERROR:in_progress_cache_impl.cc(188)] Cache is not initialized, cannot RetrieveEntry.
7월 27, 2018 11:23:26.40 [5932:5288:0727/112326.401:ERROR:in_progress_cache_impl.cc(188)] Cache is not initialized, cannot RetrieveEntry.
7월 27, 2018 11:23:26.40 [5932:5288:0727/112326.401:ERROR:in_progress_cache_impl.cc(188)] Cache is not initialized, cannot RetrieveEntry.
7월 27, 2018 11:23:26.40 [5932:5288:0727/112326.401:ERROR:in_progress_cache_impl.cc(188)] Cache is not initialized, cannot RetrieveEntry.
7월 27, 2018 11:23:26.40 [5932:5288:0727/112326.401:ERROR:in_progress_cache_impl.cc(188)] Cache is not initialized, cannot RetrieveEntry.
7월 27, 2018 11:23:26.40 [5932:5288:0727/112326.401:ERROR:in_progress_cache_impl.cc(188)] Cache is not initialized, cannot RetrieveEntry.
7월 27, 2018 11:23:26.40 [5932:5288:0727/112326.401:ERROR:in_progress_cache_impl.cc(188)] Cache is not initialized, cannot RetrieveEntry.
7월 27, 2018 11:23:26.40 [5932:5288:0727/112326.401:ERROR:in_progress_cache_impl.cc(188)] Cache is not initialized, cannot RetrieveEntry.
7월 27, 2018 11:23:26.40 [5932:5288:0727/112326.401:ERROR:in_progress_cache_impl.cc(188)] Cache is not initialized, cannot RetrieveEntry.
7월 27, 2018 11:23:26.40 [5932:5288:0727/112326.401:ERROR:in_progress_cache_impl.cc(188)] Cache is not initialized, cannot RetrieveEntry.
7월 27, 2018 11:23:26.40 [5932:5288:0727/112326.401:ERROR:in_progress_cache_impl.cc(188)] Cache is not initialized, cannot RetrieveEntry.
7월 27, 2018 11:23:26.41 [5932:5288:0727/112326.401:ERROR:in_progress_cache_impl.cc(188)] Cache is not initialized, cannot RetrieveEntry.
7월 27, 2018 11:23:26.41 [5932:5288:0727/112326.401:ERROR:in_progress_cache_impl.cc(188)] Cache is not initialized, cannot RetrieveEntry.
7월 27, 2018 11:23:26.41 [5932:5288:0727/112326.401:ERROR:in_progress_cache_impl.cc(188)] Cache is not initialized, cannot RetrieveEntry.
7월 27, 2018 11:23:26.41 [5932:5288:0727/112326.401:ERROR:in_progress_cache_impl.cc(188)] Cache is not initialized, cannot RetrieveEntry.
7월 27, 2018 11:23:26.41 [5932:5288:0727/112326.401:ERROR:in_progress_cache_impl.cc(188)] Cache is not initialized, cannot RetrieveEntry.
7월 27, 2018 11:23:26.41 [5932:5288:0727/112326.401:ERROR:in_progress_cache_impl.cc(188)] Cache is not initialized, cannot RetrieveEntry.
7월 27, 2018 11:23:26.41 [5932:5288:0727/112326.401:ERROR:in_progress_cache_impl.cc(188)] Cache is not initialized, cannot RetrieveEntry.
7월 27, 2018 11:23:26.41 [5932:5288:0727/112326.401:ERROR:in_progress_cache_impl.cc(188)] Cache is not initialized, cannot RetrieveEntry.
7월 27, 2018 11:23:26.41 [5932:5288:0727/112326.401:ERROR:in_progress_cache_impl.cc(188)] Cache is not initialized, cannot RetrieveEntry.
7월 27, 2018 11:23:26.41 [5932:5288:0727/112326.401:ERROR:in_progress_cache_impl.cc(188)] Cache is not initialized, cannot RetrieveEntry.
7월 27, 2018 11:23:26.41 [5932:5288:0727/112326.401:ERROR:in_progress_cache_impl.cc(188)] Cache is not initialized, cannot RetrieveEntry.
7월 27, 2018 11:23:26.41 [5932:5288:0727/112326.401:ERROR:in_progress_cache_impl.cc(188)] Cache is not initialized, cannot RetrieveEntry.
7월 27, 2018 11:23:26.41 [5932:5288:0727/112326.401:ERROR:in_progress_cache_impl.cc(188)] Cache is not initialized, cannot RetrieveEntry.
7월 27, 2018 11:23:26.41 [5932:5288:0727/112326.401:ERROR:in_progress_cache_impl.cc(188)] Cache is not initialized, cannot RetrieveEntry.
7월 27, 2018 11:23:26.41 [5932:5288:0727/112326.401:ERROR:in_progress_cache_impl.cc(188)] Cache is not initialized, cannot RetrieveEntry.
7월 27, 2018 11:23:26.41 [5932:5288:0727/112326.401:ERROR:in_progress_cache_impl.cc(188)] Cache is not initialized, cannot RetrieveEntry.
7월 27, 2018 11:23:26.41 [5932:5288:0727/112326.401:ERROR:in_progress_cache_impl.cc(188)] Cache is not initialized, cannot RetrieveEntry.
7월 27, 2018 11:23:26.41 [5932:5288:0727/112326.401:ERROR:in_progress_cache_impl.cc(188)] Cache is not initialized, cannot RetrieveEntry.
7월 27, 2018 11:23:26.41 [5932:5288:0727/112326.401:ERROR:in_progress_cache_impl.cc(188)] Cache is not initialized, cannot RetrieveEntry.
7월 27, 2018 11:23:26.41 [5932:5288:0727/112326.401:ERROR:in_progress_cache_impl.cc(188)] Cache is not initialized, cannot RetrieveEntry.
7월 27, 2018 11:23:26.41 [5932:5288:0727/112326.401:ERROR:in_progress_cache_impl.cc(188)] Cache is not initialized, cannot RetrieveEntry.
7월 27, 2018 11:23:26.41 [5932:5288:0727/112326.401:ERROR:in_progress_cache_impl.cc(188)] Cache is not initialized, cannot RetrieveEntry.
7월 27, 2018 11:23:26.41 [5932:5288:0727/112326.401:ERROR:in_progress_cache_impl.cc(188)] Cache is not initialized, cannot RetrieveEntry.
7월 27, 2018 11:23:26.41 [5932:5288:0727/112326.401:ERROR:in_progress_cache_impl.cc(188)] Cache is not initialized, cannot RetrieveEntry.
7월 27, 2018 11:23:26.41 [5932:5288:0727/112326.401:ERROR:in_progress_cache_impl.cc(188)] Cache is not initialized, cannot RetrieveEntry.
7월 27, 2018 11:23:26.41 [5932:5288:0727/112326.401:ERROR:in_progress_cache_impl.cc(188)] Cache is not initialized, cannot RetrieveEntry.
7월 27, 2018 11:23:26.41 [5932:5288:0727/112326.401:ERROR:in_progress_cache_impl.cc(188)] Cache is not initialized, cannot RetrieveEntry.
7월 27, 2018 11:23:26.41 [5932:5288:0727/112326.401:ERROR:in_progress_cache_impl.cc(188)] Cache is not initialized, cannot RetrieveEntry.
7월 27, 2018 11:23:26.41 [5932:5288:0727/112326.401:ERROR:in_progress_cache_impl.cc(188)] Cache is not initialized, cannot RetrieveEntry.
7월 27, 2018 11:23:26.41 [5932:5288:0727/112326.401:ERROR:in_progress_cache_impl.cc(188)] Cache is not initialized, cannot RetrieveEntry.
7월 27, 2018 11:23:26.41 [5932:5288:0727/112326.401:ERROR:in_progress_cache_impl.cc(188)] Cache is not initialized, cannot RetrieveEntry.

7월 27, 2018 12:15:41.27 NEW SESSION
7월 27, 2018 12:15:41.27 [6000:5388:0727/121541.271:ERROR:install_util.cc(589)] Unable to create registry key HKLM\SOFTWARE\Policies\Google\Chrome for reading result=2
7월 27, 2018 12:16:04.17 [4388:5300:0727/121604.175:ERROR:install_util.cc(589)] Unable to create registry key HKLM\SOFTWARE\Policies\Google\Chrome for reading result=2
7월 27, 2018 12:16:04.30 [4388:5300:0727/121604.300:ERROR:in_progress_cache_impl.cc(188)] Cache is not initialized, cannot RetrieveEntry.
7월 27, 2018 12:16:04.30 [4388:5300:0727/121604.300:ERROR:in_progress_cache_impl.cc(188)] Cache is not initialized, cannot RetrieveEntry.
7월 27, 2018 12:16:04.30 [4388:5300:0727/121604.300:ERROR:in_progress_cache_impl.cc(188)] Cache is not initialized, cannot RetrieveEntry.
7월 27, 2018 12:16:04.30 [4388:5300:0727/121604.300:ERROR:in_progress_cache_impl.cc(188)] Cache is not initialized, cannot RetrieveEntry.
7월 27, 2018 12:16:04.30 [4388:5300:0727/121604.300:ERROR:in_progress_cache_impl.cc(188)] Cache is not initialized, cannot RetrieveEntry.
7월 27, 2018 12:16:04.30 [4388:5300:0727/121604.300:ERROR:in_progress_cache_impl.cc(188)] Cache is not initialized, cannot RetrieveEntry.
7월 27, 2018 12:16:04.30 [4388:5300:0727/121604.300:ERROR:in_progress_cache_impl.cc(188)] Cache is not initialized, cannot RetrieveEntry.
7월 27, 2018 12:16:04.30 [4388:5300:0727/121604.300:ERROR:in_progress_cache_impl.cc(188)] Cache is not initialized, cannot RetrieveEntry.
7월 27, 2018 12:16:04.30 [4388:5300:0727/121604.300:ERROR:in_progress_cache_impl.cc(188)] Cache is not initialized, cannot RetrieveEntry.
7월 27, 2018 12:16:04.30 [4388:5300:0727/121604.300:ERROR:in_progress_cache_impl.cc(188)] Cache is not initialized, cannot RetrieveEntry.
7월 27, 2018 12:16:04.30 [4388:5300:0727/121604.300:ERROR:in_progress_cache_impl.cc(188)] Cache is not initialized, cannot RetrieveEntry.
7월 27, 2018 12:16:04.31 [4388:5300:0727/121604.300:ERROR:in_progress_cache_impl.cc(188)] Cache is not initialized, cannot RetrieveEntry.
7월 27, 2018 12:16:04.31 [4388:5300:0727/121604.300:ERROR:in_progress_cache_impl.cc(188)] Cache is not initialized, cannot RetrieveEntry.
7월 27, 2018 12:16:04.31 [4388:5300:0727/121604.300:ERROR:in_progress_cache_impl.cc(188)] Cache is not initialized, cannot RetrieveEntry.
7월 27, 2018 12:16:04.31 [4388:5300:0727/121604.300:ERROR:in_progress_cache_impl.cc(188)] Cache is not initialized, cannot RetrieveEntry.
7월 27, 2018 12:16:04.31 [4388:5300:0727/121604.300:ERROR:in_progress_cache_impl.cc(188)] Cache is not initialized, cannot RetrieveEntry.
7월 27, 2018 12:16:04.31 [4388:5300:0727/121604.300:ERROR:in_progress_cache_impl.cc(188)] Cache is not initialized, cannot RetrieveEntry.
7월 27, 2018 12:16:04.31 [4388:5300:0727/121604.300:ERROR:in_progress_cache_impl.cc(188)] Cache is not initialized, cannot RetrieveEntry.
7월 27, 2018 12:16:04.31 [4388:5300:0727/121604.300:ERROR:in_progress_cache_impl.cc(188)] Cache is not initialized, cannot RetrieveEntry.
7월 27, 2018 12:16:04.31 [4388:5300:0727/121604.300:ERROR:in_progress_cache_impl.cc(188)] Cache is not initialized, cannot RetrieveEntry.
7월 27, 2018 12:16:04.31 [4388:5300:0727/121604.300:ERROR:in_progress_cache_impl.cc(188)] Cache is not initialized, cannot RetrieveEntry.
7월 27, 2018 12:16:04.31 [4388:5300:0727/121604.300:ERROR:in_progress_cache_impl.cc(188)] Cache is not initialized, cannot RetrieveEntry.
7월 27, 2018 12:16:04.31 [4388:5300:0727/121604.300:ERROR:in_progress_cache_impl.cc(188)] Cache is not initialized, cannot RetrieveEntry.
7월 27, 2018 12:16:04.31 [4388:5300:0727/121604.300:ERROR:in_progress_cache_impl.cc(188)] Cache is not initialized, cannot RetrieveEntry.
7월 27, 2018 12:16:04.31 [4388:5300:0727/121604.300:ERROR:in_progress_cache_impl.cc(188)] Cache is not initialized, cannot RetrieveEntry.
7월 27, 2018 12:16:04.31 [4388:5300:0727/121604.300:ERROR:in_progress_cache_impl.cc(188)] Cache is not initialized, cannot RetrieveEntry.
7월 27, 2018 12:16:04.31 [4388:5300:0727/121604.300:ERROR:in_progress_cache_impl.cc(188)] Cache is not initialized, cannot RetrieveEntry.
7월 27, 2018 12:16:04.31 [4388:5300:0727/121604.300:ERROR:in_progress_cache_impl.cc(188)] Cache is not initialized, cannot RetrieveEntry.
7월 27, 2018 12:16:04.31 [4388:5300:0727/121604.300:ERROR:in_progress_cache_impl.cc(188)] Cache is not initialized, cannot RetrieveEntry.
7월 27, 2018 12:16:04.31 [4388:5300:0727/121604.300:ERROR:in_progress_cache_impl.cc(188)] Cache is not initialized, cannot RetrieveEntry.
7월 27, 2018 12:16:04.31 [4388:5300:0727/121604.300:ERROR:in_progress_cache_impl.cc(188)] Cache is not initialized, cannot RetrieveEntry.
7월 27, 2018 12:16:04.31 [4388:5300:0727/121604.300:ERROR:in_progress_cache_impl.cc(188)] Cache is not initialized, cannot RetrieveEntry.
7월 27, 2018 12:16:04.31 [4388:5300:0727/121604.300:ERROR:in_progress_cache_impl.cc(188)] Cache is not initialized, cannot RetrieveEntry.
7월 27, 2018 12:16:04.31 [4388:5300:0727/121604.300:ERROR:in_progress_cache_impl.cc(188)] Cache is not initialized, cannot RetrieveEntry.
7월 27, 2018 12:16:04.31 [4388:5300:0727/121604.300:ERROR:in_progress_cache_impl.cc(188)] Cache is not initialized, cannot RetrieveEntry.
7월 27, 2018 12:16:04.31 [4388:5300:0727/121604.300:ERROR:in_progress_cache_impl.cc(188)] Cache is not initialized, cannot RetrieveEntry.
7월 27, 2018 12:16:04.31 [4388:5300:0727/121604.300:ERROR:in_progress_cache_impl.cc(188)] Cache is not initialized, cannot RetrieveEntry.
7월 27, 2018 12:16:04.31 [4388:5300:0727/121604.300:ERROR:in_progress_cache_impl.cc(188)] Cache is not initialized, cannot RetrieveEntry.
7월 27, 2018 12:16:04.31 [4388:5300:0727/121604.300:ERROR:in_progress_cache_impl.cc(188)] Cache is not initialized, cannot RetrieveEntry.
7월 27, 2018 12:16:04.31 [4388:5300:0727/121604.300:ERROR:in_progress_cache_impl.cc(188)] Cache is not initialized, cannot RetrieveEntry.
7월 27, 2018 12:16:04.31 [4388:5300:0727/121604.300:ERROR:in_progress_cache_impl.cc(188)] Cache is not initialized, cannot RetrieveEntry.
7월 27, 2018 12:16:04.31 [4388:5300:0727/121604.300:ERROR:in_progress_cache_impl.cc(188)] Cache is not initialized, cannot RetrieveEntry.
7월 27, 2018 12:16:04.31 [4388:5300:0727/121604.300:ERROR:in_progress_cache_impl.cc(188)] Cache is not initialized, cannot RetrieveEntry.
7월 27, 2018 12:16:04.31 [4388:5300:0727/121604.300:ERROR:in_progress_cache_impl.cc(188)] Cache is not initialized, cannot RetrieveEntry.
7월 27, 2018 12:16:04.31 [4388:5300:0727/121604.300:ERROR:in_progress_cache_impl.cc(188)] Cache is not initialized, cannot RetrieveEntry.
7월 27, 2018 12:16:04.31 [4388:5300:0727/121604.300:ERROR:in_progress_cache_impl.cc(188)] Cache is not initialized, cannot RetrieveEntry.
7월 27, 2018 12:16:04.31 [4388:5300:0727/121604.300:ERROR:in_progress_cache_impl.cc(188)] Cache is not initialized, cannot RetrieveEntry.
7월 27, 2018 12:16:04.31 [4388:5300:0727/121604.300:ERROR:in_progress_cache_impl.cc(188)] Cache is not initialized, cannot RetrieveEntry.
7월 27, 2018 12:16:04.31 [4388:5300:0727/121604.300:ERROR:in_progress_cache_impl.cc(188)] Cache is not initialized, cannot RetrieveEntry.
7월 27, 2018 12:16:04.31 [4388:5300:0727/121604.300:ERROR:in_progress_cache_impl.cc(188)] Cache is not initialized, cannot RetrieveEntry.
7월 27, 2018 12:16:04.31 [4388:5300:0727/121604.300:ERROR:in_progress_cache_impl.cc(188)] Cache is not initialized, cannot RetrieveEntry.
7월 27, 2018 12:16:04.31 [4388:5300:0727/121604.300:ERROR:in_progress_cache_impl.cc(188)] Cache is not initialized, cannot RetrieveEntry.
7월 27, 2018 12:16:04.31 [4388:5300:0727/121604.300:ERROR:in_progress_cache_impl.cc(188)] Cache is not initialized, cannot RetrieveEntry.
7월 27, 2018 12:16:04.31 [4388:5300:0727/121604.300:ERROR:in_progress_cache_impl.cc(188)] Cache is not initialized, cannot RetrieveEntry.
7월 27, 2018 12:16:04.31 [4388:5300:0727/121604.300:ERROR:in_progress_cache_impl.cc(188)] Cache is not initialized, cannot RetrieveEntry.
7월 27, 2018 12:16:04.31 [4388:5300:0727/121604.300:ERROR:in_progress_cache_impl.cc(188)] Cache is not initialized, cannot RetrieveEntry.
7월 27, 2018 12:16:04.31 [4388:5300:0727/121604.300:ERROR:in_progress_cache_impl.cc(188)] Cache is not initialized, cannot RetrieveEntry.
7월 27, 2018 12:16:04.31 [4388:5300:0727/121604.300:ERROR:in_progress_cache_impl.cc(188)] Cache is not initialized, cannot RetrieveEntry.
7월 27, 2018 12:16:04.31 [4388:5300:0727/121604.300:ERROR:in_progress_cache_impl.cc(188)] Cache is not initialized, cannot RetrieveEntry.
7월 27, 2018 12:16:04.31 [4388:5300:0727/121604.300:ERROR:in_progress_cache_impl.cc(188)] Cache is not initialized, cannot RetrieveEntry.
7월 27, 2018 12:16:04.31 [4388:5300:0727/121604.300:ERROR:in_progress_cache_impl.cc(188)] Cache is not initialized, cannot RetrieveEntry.
7월 27, 2018 12:16:04.31 [4388:5300:0727/121604.300:ERROR:in_progress_cache_impl.cc(188)] Cache is not initialized, cannot RetrieveEntry.
7월 27, 2018 12:16:04.31 [4388:5300:0727/121604.300:ERROR:in_progress_cache_impl.cc(188)] Cache is not initialized, cannot RetrieveEntry.
7월 27, 2018 12:16:04.31 [4388:5300:0727/121604.300:ERROR:in_progress_cache_impl.cc(188)] Cache is not initialized, cannot RetrieveEntry.
7월 27, 2018 12:16:04.31 [4388:5300:0727/121604.300:ERROR:in_progress_cache_impl.cc(188)] Cache is not initialized, cannot RetrieveEntry.
7월 27, 2018 12:16:04.31 [4388:5300:0727/121604.300:ERROR:in_progress_cache_impl.cc(188)] Cache is not initialized, cannot RetrieveEntry.
7월 27, 2018 12:16:04.31 [4388:5300:0727/121604.300:ERROR:in_progress_cache_impl.cc(188)] Cache is not initialized, cannot RetrieveEntry.
7월 27, 2018 12:16:04.31 [4388:5300:0727/121604.300:ERROR:in_progress_cache_impl.cc(188)] Cache is not initialized, cannot RetrieveEntry.
7월 27, 2018 12:16:04.31 [4388:5300:0727/121604.300:ERROR:in_progress_cache_impl.cc(188)] Cache is not initialized, cannot RetrieveEntry.
7월 27, 2018 12:16:04.31 [4388:5300:0727/121604.300:ERROR:in_progress_cache_impl.cc(188)] Cache is not initialized, cannot RetrieveEntry.
7월 27, 2018 12:16:04.31 [4388:5300:0727/121604.300:ERROR:in_progress_cache_impl.cc(188)] Cache is not initialized, cannot RetrieveEntry.
7월 27, 2018 12:16:04.31 [4388:5300:0727/121604.300:ERROR:in_progress_cache_impl.cc(188)] Cache is not initialized, cannot RetrieveEntry.
7월 27, 2018 12:16:04.31 [4388:5300:0727/121604.300:ERROR:in_progress_cache_impl.cc(188)] Cache is not initialized, cannot RetrieveEntry.
7월 27, 2018 12:16:04.31 [4388:5300:0727/121604.300:ERROR:in_progress_cache_impl.cc(188)] Cache is not initialized, cannot RetrieveEntry.
7월 27, 2018 12:16:04.31 [4388:5300:0727/121604.300:ERROR:in_progress_cache_impl.cc(188)] Cache is not initialized, cannot RetrieveEntry.
7월 27, 2018 12:16:04.33 [4388:5300:0727/121604.331:ERROR:in_progress_cache_impl.cc(188)] Cache is not initialized, cannot RetrieveEntry.
7월 27, 2018 12:16:04.33 [4388:5300:0727/121604.331:ERROR:in_progress_cache_impl.cc(188)] Cache is not initialized, cannot RetrieveEntry.
7월 27, 2018 12:16:04.33 [4388:5300:0727/121604.331:ERROR:in_progress_cache_impl.cc(188)] Cache is not initialized, cannot RetrieveEntry.
7월 27, 2018 12:16:04.33 [4388:5300:0727/121604.331:ERROR:in_progress_cache_impl.cc(188)] Cache is not initialized, cannot RetrieveEntry.
7월 27, 2018 12:16:04.33 [4388:5300:0727/121604.331:ERROR:in_progress_cache_impl.cc(188)] Cache is not initialized, cannot RetrieveEntry.
7월 27, 2018 12:16:04.33 [4388:5300:0727/121604.331:ERROR:in_progress_cache_impl.cc(188)] Cache is not initialized, cannot RetrieveEntry.
7월 27, 2018 12:16:04.33 [4388:5300:0727/121604.331:ERROR:in_progress_cache_impl.cc(188)] Cache is not initialized, cannot RetrieveEntry.
7월 27, 2018 12:16:04.33 [4388:5300:0727/121604.331:ERROR:in_progress_cache_impl.cc(188)] Cache is not initialized, cannot RetrieveEntry.
7월 27, 2018 12:16:04.33 [4388:5300:0727/121604.331:ERROR:in_progress_cache_impl.cc(188)] Cache is not initialized, cannot RetrieveEntry.
7월 27, 2018 12:16:04.33 [4388:5300:0727/121604.331:ERROR:in_progress_cache_impl.cc(188)] Cache is not initialized, cannot RetrieveEntry.
7월 27, 2018 12:16:04.33 [4388:5300:0727/121604.331:ERROR:in_progress_cache_impl.cc(188)] Cache is not initialized, cannot RetrieveEntry.
7월 27, 2018 12:16:40.45 [5248:4304:0727/121640.450:ERROR:install_util.cc(589)] Unable to create registry key HKLM\SOFTWARE\Policies\Google\Chrome for reading result=2
7월 27, 2018 12:16:40.57 [5248:4304:0727/121640.574:ERROR:in_progress_cache_impl.cc(188)] Cache is not initialized, cannot RetrieveEntry.
7월 27, 2018 12:16:40.57 [5248:4304:0727/121640.574:ERROR:in_progress_cache_impl.cc(188)] Cache is not initialized, cannot RetrieveEntry.
7월 27, 2018 12:16:40.57 [5248:4304:0727/121640.574:ERROR:in_progress_cache_impl.cc(188)] Cache is not initialized, cannot RetrieveEntry.
7월 27, 2018 12:16:40.57 [5248:4304:0727/121640.574:ERROR:in_progress_cache_impl.cc(188)] Cache is not initialized, cannot RetrieveEntry.
7월 27, 2018 12:16:40.57 [5248:4304:0727/121640.574:ERROR:in_progress_cache_impl.cc(188)] Cache is not initialized, cannot RetrieveEntry.
7월 27, 2018 12:16:40.57 [5248:4304:0727/121640.574:ERROR:in_progress_cache_impl.cc(188)] Cache is not initialized, cannot RetrieveEntry.
7월 27, 2018 12:16:40.57 [5248:4304:0727/121640.574:ERROR:in_progress_cache_impl.cc(188)] Cache is not initialized, cannot RetrieveEntry.
7월 27, 2018 12:16:40.57 [5248:4304:0727/121640.574:ERROR:in_progress_cache_impl.cc(188)] Cache is not initialized, cannot RetrieveEntry.
7월 27, 2018 12:16:40.59 [5248:4304:0727/121640.574:ERROR:in_progress_cache_impl.cc(188)] Cache is not initialized, cannot RetrieveEntry.
7월 27, 2018 12:16:40.59 [5248:4304:0727/121640.574:ERROR:in_progress_cache_impl.cc(188)] Cache is not initialized, cannot RetrieveEntry.
7월 27, 2018 12:16:40.59 [5248:4304:0727/121640.574:ERROR:in_progress_cache_impl.cc(188)] Cache is not initialized, cannot RetrieveEntry.
7월 27, 2018 12:16:40.59 [5248:4304:0727/121640.574:ERROR:in_progress_cache_impl.cc(188)] Cache is not initialized, cannot RetrieveEntry.
7월 27, 2018 12:16:40.59 [5248:4304:0727/121640.574:ERROR:in_progress_cache_impl.cc(188)] Cache is not initialized, cannot RetrieveEntry.
7월 27, 2018 12:16:40.59 [5248:4304:0727/121640.574:ERROR:in_progress_cache_impl.cc(188)] Cache is not initialized, cannot RetrieveEntry.
7월 27, 2018 12:16:40.59 [5248:4304:0727/121640.574:ERROR:in_progress_cache_impl.cc(188)] Cache is not initialized, cannot RetrieveEntry.
7월 27, 2018 12:16:40.59 [5248:4304:0727/121640.574:ERROR:in_progress_cache_impl.cc(188)] Cache is not initialized, cannot RetrieveEntry.
7월 27, 2018 12:16:40.59 [5248:4304:0727/121640.574:ERROR:in_progress_cache_impl.cc(188)] Cache is not initialized, cannot RetrieveEntry.
7월 27, 2018 12:16:40.59 [5248:4304:0727/121640.574:ERROR:in_progress_cache_impl.cc(188)] Cache is not initialized, cannot RetrieveEntry.
7월 27, 2018 12:16:40.59 [5248:4304:0727/121640.574:ERROR:in_progress_cache_impl.cc(188)] Cache is not initialized, cannot RetrieveEntry.
7월 27, 2018 12:16:40.59 [5248:4304:0727/121640.574:ERROR:in_progress_cache_impl.cc(188)] Cache is not initialized, cannot RetrieveEntry.
7월 27, 2018 12:16:40.59 [5248:4304:0727/121640.574:ERROR:in_progress_cache_impl.cc(188)] Cache is not initialized, cannot RetrieveEntry.
7월 27, 2018 12:16:40.59 [5248:4304:0727/121640.574:ERROR:in_progress_cache_impl.cc(188)] Cache is not initialized, cannot RetrieveEntry.
7월 27, 2018 12:16:40.59 [5248:4304:0727/121640.574:ERROR:in_progress_cache_impl.cc(188)] Cache is not initialized, cannot RetrieveEntry.
7월 27, 2018 12:16:40.59 [5248:4304:0727/121640.574:ERROR:in_progress_cache_impl.cc(188)] Cache is not initialized, cannot RetrieveEntry.
7월 27, 2018 12:16:40.59 [5248:4304:0727/121640.574:ERROR:in_progress_cache_impl.cc(188)] Cache is not initialized, cannot RetrieveEntry.
7월 27, 2018 12:16:40.59 [5248:4304:0727/121640.574:ERROR:in_progress_cache_impl.cc(188)] Cache is not initialized, cannot RetrieveEntry.
7월 27, 2018 12:16:40.59 [5248:4304:0727/121640.574:ERROR:in_progress_cache_impl.cc(188)] Cache is not initialized, cannot RetrieveEntry.
7월 27, 2018 12:16:40.59 [5248:4304:0727/121640.574:ERROR:in_progress_cache_impl.cc(188)] Cache is not initialized, cannot RetrieveEntry.
7월 27, 2018 12:16:40.59 [5248:4304:0727/121640.574:ERROR:in_progress_cache_impl.cc(188)] Cache is not initialized, cannot RetrieveEntry.
7월 27, 2018 12:16:40.59 [5248:4304:0727/121640.574:ERROR:in_progress_cache_impl.cc(188)] Cache is not initialized, cannot RetrieveEntry.
7월 27, 2018 12:16:40.59 [5248:4304:0727/121640.574:ERROR:in_progress_cache_impl.cc(188)] Cache is not initialized, cannot RetrieveEntry.
7월 27, 2018 12:16:40.59 [5248:4304:0727/121640.574:ERROR:in_progress_cache_impl.cc(188)] Cache is not initialized, cannot RetrieveEntry.
7월 27, 2018 12:16:40.59 [5248:4304:0727/121640.574:ERROR:in_progress_cache_impl.cc(188)] Cache is not initialized, cannot RetrieveEntry.
7월 27, 2018 12:16:40.59 [5248:4304:0727/121640.574:ERROR:in_progress_cache_impl.cc(188)] Cache is not initialized, cannot RetrieveEntry.
7월 27, 2018 12:16:40.59 [5248:4304:0727/121640.574:ERROR:in_progress_cache_impl.cc(188)] Cache is not initialized, cannot RetrieveEntry.
7월 27, 2018 12:16:40.59 [5248:4304:0727/121640.574:ERROR:in_progress_cache_impl.cc(188)] Cache is not initialized, cannot RetrieveEntry.
7월 27, 2018 12:16:40.59 [5248:4304:0727/121640.574:ERROR:in_progress_cache_impl.cc(188)] Cache is not initialized, cannot RetrieveEntry.
7월 27, 2018 12:16:40.59 [5248:4304:0727/121640.574:ERROR:in_progress_cache_impl.cc(188)] Cache is not initialized, cannot RetrieveEntry.
7월 27, 2018 12:16:40.59 [5248:4304:0727/121640.574:ERROR:in_progress_cache_impl.cc(188)] Cache is not initialized, cannot RetrieveEntry.
7월 27, 2018 12:16:40.59 [5248:4304:0727/121640.574:ERROR:in_progress_cache_impl.cc(188)] Cache is not initialized, cannot RetrieveEntry.
7월 27, 2018 12:16:40.59 [5248:4304:0727/121640.574:ERROR:in_progress_cache_impl.cc(188)] Cache is not initialized, cannot RetrieveEntry.
7월 27, 2018 12:16:40.59 [5248:4304:0727/121640.574:ERROR:in_progress_cache_impl.cc(188)] Cache is not initialized, cannot RetrieveEntry.
7월 27, 2018 12:16:40.59 [5248:4304:0727/121640.574:ERROR:in_progress_cache_impl.cc(188)] Cache is not initialized, cannot RetrieveEntry.
7월 27, 2018 12:16:40.59 [5248:4304:0727/121640.574:ERROR:in_progress_cache_impl.cc(188)] Cache is not initialized, cannot RetrieveEntry.
7월 27, 2018 12:16:40.59 [5248:4304:0727/121640.574:ERROR:in_progress_cache_impl.cc(188)] Cache is not initialized, cannot RetrieveEntry.
7월 27, 2018 12:16:40.59 [5248:4304:0727/121640.574:ERROR:in_progress_cache_impl.cc(188)] Cache is not initialized, cannot RetrieveEntry.
7월 27, 2018 12:16:40.59 [5248:4304:0727/121640.574:ERROR:in_progress_cache_impl.cc(188)] Cache is not initialized, cannot RetrieveEntry.
7월 27, 2018 12:16:40.59 [5248:4304:0727/121640.574:ERROR:in_progress_cache_impl.cc(188)] Cache is not initialized, cannot RetrieveEntry.
7월 27, 2018 12:16:40.59 [5248:4304:0727/121640.574:ERROR:in_progress_cache_impl.cc(188)] Cache is not initialized, cannot RetrieveEntry.
7월 27, 2018 12:16:40.59 [5248:4304:0727/121640.574:ERROR:in_progress_cache_impl.cc(188)] Cache is not initialized, cannot RetrieveEntry.
7월 27, 2018 12:16:40.59 [5248:4304:0727/121640.574:ERROR:in_progress_cache_impl.cc(188)] Cache is not initialized, cannot RetrieveEntry.
7월 27, 2018 12:16:40.59 [5248:4304:0727/121640.574:ERROR:in_progress_cache_impl.cc(188)] Cache is not initialized, cannot RetrieveEntry.
7월 27, 2018 12:16:40.59 [5248:4304:0727/121640.574:ERROR:in_progress_cache_impl.cc(188)] Cache is not initialized, cannot RetrieveEntry.
7월 27, 2018 12:16:40.59 [5248:4304:0727/121640.574:ERROR:in_progress_cache_impl.cc(188)] Cache is not initialized, cannot RetrieveEntry.
7월 27, 2018 12:16:40.59 [5248:4304:0727/121640.574:ERROR:in_progress_cache_impl.cc(188)] Cache is not initialized, cannot RetrieveEntry.
7월 27, 2018 12:16:40.59 [5248:4304:0727/121640.574:ERROR:in_progress_cache_impl.cc(188)] Cache is not initialized, cannot RetrieveEntry.
7월 27, 2018 12:16:40.59 [5248:4304:0727/121640.574:ERROR:in_progress_cache_impl.cc(188)] Cache is not initialized, cannot RetrieveEntry.
7월 27, 2018 12:16:40.59 [5248:4304:0727/121640.574:ERROR:in_progress_cache_impl.cc(188)] Cache is not initialized, cannot RetrieveEntry.
7월 27, 2018 12:16:40.59 [5248:4304:0727/121640.574:ERROR:in_progress_cache_impl.cc(188)] Cache is not initialized, cannot RetrieveEntry.
7월 27, 2018 12:16:40.59 [5248:4304:0727/121640.574:ERROR:in_progress_cache_impl.cc(188)] Cache is not initialized, cannot RetrieveEntry.
7월 27, 2018 12:16:40.59 [5248:4304:0727/121640.574:ERROR:in_progress_cache_impl.cc(188)] Cache is not initialized, cannot RetrieveEntry.
7월 27, 2018 12:16:40.59 [5248:4304:0727/121640.590:ERROR:in_progress_cache_impl.cc(188)] Cache is not initialized, cannot RetrieveEntry.
7월 27, 2018 12:16:40.59 [5248:4304:0727/121640.590:ERROR:in_progress_cache_impl.cc(188)] Cache is not initialized, cannot RetrieveEntry.
7월 27, 2018 12:16:40.59 [5248:4304:0727/121640.590:ERROR:in_progress_cache_impl.cc(188)] Cache is not initialized, cannot RetrieveEntry.
7월 27, 2018 12:16:40.59 [5248:4304:0727/121640.590:ERROR:in_progress_cache_impl.cc(188)] Cache is not initialized, cannot RetrieveEntry.
7월 27, 2018 12:16:40.59 [5248:4304:0727/121640.590:ERROR:in_progress_cache_impl.cc(188)] Cache is not initialized, cannot RetrieveEntry.
7월 27, 2018 12:16:40.59 [5248:4304:0727/121640.590:ERROR:in_progress_cache_impl.cc(188)] Cache is not initialized, cannot RetrieveEntry.
7월 27, 2018 12:16:40.59 [5248:4304:0727/121640.590:ERROR:in_progress_cache_impl.cc(188)] Cache is not initialized, cannot RetrieveEntry.
7월 27, 2018 12:16:40.59 [5248:4304:0727/121640.590:ERROR:in_progress_cache_impl.cc(188)] Cache is not initialized, cannot RetrieveEntry.
7월 27, 2018 12:16:40.59 [5248:4304:0727/121640.590:ERROR:in_progress_cache_impl.cc(188)] Cache is not initialized, cannot RetrieveEntry.
7월 27, 2018 12:16:40.59 [5248:4304:0727/121640.590:ERROR:in_progress_cache_impl.cc(188)] Cache is not initialized, cannot RetrieveEntry.
7월 27, 2018 12:16:40.59 [5248:4304:0727/121640.590:ERROR:in_progress_cache_impl.cc(188)] Cache is not initialized, cannot RetrieveEntry.
7월 27, 2018 12:16:40.59 [5248:4304:0727/121640.590:ERROR:in_progress_cache_impl.cc(188)] Cache is not initialized, cannot RetrieveEntry.
7월 27, 2018 12:16:40.59 [5248:4304:0727/121640.590:ERROR:in_progress_cache_impl.cc(188)] Cache is not initialized, cannot RetrieveEntry.
7월 27, 2018 12:16:40.59 [5248:4304:0727/121640.590:ERROR:in_progress_cache_impl.cc(188)] Cache is not initialized, cannot RetrieveEntry.
7월 27, 2018 12:16:40.59 [5248:4304:0727/121640.590:ERROR:in_progress_cache_impl.cc(188)] Cache is not initialized, cannot RetrieveEntry.
7월 27, 2018 12:16:40.59 [5248:4304:0727/121640.590:ERROR:in_progress_cache_impl.cc(188)] Cache is not initialized, cannot RetrieveEntry.
7월 27, 2018 12:16:40.59 [5248:4304:0727/121640.590:ERROR:in_progress_cache_impl.cc(188)] Cache is not initialized, cannot RetrieveEntry.
7월 27, 2018 12:16:40.59 [5248:4304:0727/121640.590:ERROR:in_progress_cache_impl.cc(188)] Cache is not initialized, cannot RetrieveEntry.
7월 27, 2018 12:16:40.59 [5248:4304:0727/121640.590:ERROR:in_progress_cache_impl.cc(188)] Cache is not initialized, cannot RetrieveEntry.
7월 27, 2018 12:16:40.59 [5248:4304:0727/121640.590:ERROR:in_progress_cache_impl.cc(188)] Cache is not initialized, cannot RetrieveEntry.
7월 27, 2018 12:16:40.59 [5248:4304:0727/121640.590:ERROR:in_progress_cache_impl.cc(188)] Cache is not initialized, cannot RetrieveEntry.
7월 27, 2018 12:16:40.59 [5248:4304:0727/121640.590:ERROR:in_progress_cache_impl.cc(188)] Cache is not initialized, cannot RetrieveEntry.
7월 27, 2018 12:16:40.59 [5248:4304:0727/121640.590:ERROR:in_progress_cache_impl.cc(188)] Cache is not initialized, cannot RetrieveEntry.
7월 27, 2018 12:16:40.59 [5248:4304:0727/121640.590:ERROR:in_progress_cache_impl.cc(188)] Cache is not initialized, cannot RetrieveEntry.
7월 27, 2018 12:16:40.59 [5248:4304:0727/121640.590:ERROR:in_progress_cache_impl.cc(188)] Cache is not initialized, cannot RetrieveEntry.
7월 27, 2018 12:17:15.68 [5988:4448:0727/121715.688:ERROR:install_util.cc(589)] Unable to create registry key HKLM\SOFTWARE\Policies\Google\Chrome for reading result=2
7월 27, 2018 12:18:28.11 [5284:5636:0727/121828.110:ERROR:install_util.cc(589)] Unable to create registry key HKLM\SOFTWARE\Policies\Google\Chrome for reading result=2

8월 06, 2018 09:55:46.38 NEW SESSION
8월 06, 2018 09:55:46.38 [4380:4308:0806/095546.381:ERROR:install_util.cc(589)] Unable to create registry key HKLM\SOFTWARE\Policies\Google\Chrome for reading result=2
8월 06, 2018 09:57:57.45 [1496:2656:0806/095757.455:ERROR:install_util.cc(589)] Unable to create registry key HKLM\SOFTWARE\Policies\Google\Chrome for reading result=2
8월 06, 2018 09:58:39.02 [5036:4764:0806/095839.024:ERROR:install_util.cc(589)] Unable to create registry key HKLM\SOFTWARE\Policies\Google\Chrome for reading result=2
8월 06, 2018 09:59:21.32 [5888:4916:0806/095921.327:ERROR:install_util.cc(589)] Unable to create registry key HKLM\SOFTWARE\Policies\Google\Chrome for reading result=2
8월 06, 2018 09:59:51.57 [3024:324:0806/095951.571:ERROR:install_util.cc(589)] Unable to create registry key HKLM\SOFTWARE\Policies\Google\Chrome for reading result=2
8월 06, 2018 11:32:15.77 [2676:5672:0806/113215.770:ERROR:install_util.cc(589)] Unable to create registry key HKLM\SOFTWARE\Policies\Google\Chrome for reading result=2

8월 07, 2018 10:30:03.53 NEW SESSION
8월 07, 2018 10:30:03.53 [5496:4428:0807/103003.519:ERROR:install_util.cc(589)] Unable to create registry key HKLM\SOFTWARE\Policies\Google\Chrome for reading result=2

8월 08, 2018 11:30:18.54 NEW SESSION
8월 08, 2018 11:30:18.54 [3056:4972:0808/113018.526:ERROR:install_util.cc(589)] Unable to create registry key HKLM\SOFTWARE\Policies\Google\Chrome for reading result=2
8월 08, 2018 12:48:20.71 Unable to read VR Path Registry from C:\Users\user\AppData\Local\openvr\openvrpaths.vrpath

8월 10, 2018 12:04:26.43 NEW SESSION
8월 10, 2018 12:04:26.43 [6056:5112:0810/120426.430:ERROR:in_progress_cache_impl.cc(191)] Cache is not initialized, cannot RetrieveEntry.
8월 10, 2018 12:04:26.43 [6056:5112:0810/120426.430:ERROR:in_progress_cache_impl.cc(191)] Cache is not initialized, cannot RetrieveEntry.
8월 10, 2018 12:04:26.43 [6056:5112:0810/120426.430:ERROR:in_progress_cache_impl.cc(191)] Cache is not initialized, cannot RetrieveEntry.
8월 10, 2018 12:04:26.44 [6056:5112:0810/120426.430:ERROR:in_progress_cache_impl.cc(191)] Cache is not initialized, cannot RetrieveEntry.
8월 10, 2018 12:04:26.44 [6056:5112:0810/120426.430:ERROR:in_progress_cache_impl.cc(191)] Cache is not initialized, cannot RetrieveEntry.
8월 10, 2018 12:04:26.44 [6056:5112:0810/120426.430:ERROR:in_progress_cache_impl.cc(191)] Cache is not initialized, cannot RetrieveEntry.
8월 10, 2018 12:04:26.44 [6056:5112:0810/120426.430:ERROR:in_progress_cache_impl.cc(191)] Cache is not initialized, cannot RetrieveEntry.
8월 10, 2018 12:04:26.44 [6056:5112:0810/120426.430:ERROR:in_progress_cache_impl.cc(191)] Cache is not initialized, cannot RetrieveEntry.
8월 10, 2018 12:04:26.44 [6056:5112:0810/120426.430:ERROR:in_progress_cache_impl.cc(191)] Cache is not initialized, cannot RetrieveEntry.
8월 10, 2018 12:04:26.44 [6056:5112:0810/120426.430:ERROR:in_progress_cache_impl.cc(191)] Cache is not initialized, cannot RetrieveEntry.
8월 10, 2018 12:04:26.44 [6056:5112:0810/120426.430:ERROR:in_progress_cache_impl.cc(191)] Cache is not initialized, cannot RetrieveEntry.
8월 10, 2018 12:04:26.44 [6056:5112:0810/120426.430:ERROR:in_progress_cache_impl.cc(191)] Cache is not initialized, cannot RetrieveEntry.
8월 10, 2018 12:04:26.44 [6056:5112:0810/120426.430:ERROR:in_progress_cache_impl.cc(191)] Cache is not initialized, cannot RetrieveEntry.
8월 10, 2018 12:04:26.44 [6056:5112:0810/120426.430:ERROR:in_progress_cache_impl.cc(191)] Cache is not initialized, cannot RetrieveEntry.
8월 10, 2018 12:04:26.44 [6056:5112:0810/120426.430:ERROR:in_progress_cache_impl.cc(191)] Cache is not initialized, cannot RetrieveEntry.
8월 10, 2018 12:04:26.44 [6056:5112:0810/120426.430:ERROR:in_progress_cache_impl.cc(191)] Cache is not initialized, cannot RetrieveEntry.
8월 10, 2018 12:04:26.44 [6056:5112:0810/120426.430:ERROR:in_progress_cache_impl.cc(191)] Cache is not initialized, cannot RetrieveEntry.
8월 10, 2018 12:04:26.44 [6056:5112:0810/120426.430:ERROR:in_progress_cache_impl.cc(191)] Cache is not initialized, cannot RetrieveEntry.
8월 10, 2018 12:04:26.44 [6056:5112:0810/120426.430:ERROR:in_progress_cache_impl.cc(191)] Cache is not initialized, cannot RetrieveEntry.
8월 10, 2018 12:04:26.44 [6056:5112:0810/120426.430:ERROR:in_progress_cache_impl.cc(191)] Cache is not initialized, cannot RetrieveEntry.
8월 10, 2018 12:04:26.44 [6056:5112:0810/120426.430:ERROR:in_progress_cache_impl.cc(191)] Cache is not initialized, cannot RetrieveEntry.
8월 10, 2018 12:04:26.46 [6056:5112:0810/120426.430:ERROR:in_progress_cache_impl.cc(191)] Cache is not initialized, cannot RetrieveEntry.
8월 10, 2018 12:04:26.46 [6056:5112:0810/120426.430:ERROR:in_progress_cache_impl.cc(191)] Cache is not initialized, cannot RetrieveEntry.
8월 10, 2018 12:04:26.46 [6056:5112:0810/120426.430:ERROR:in_progress_cache_impl.cc(191)] Cache is not initialized, cannot RetrieveEntry.
8월 10, 2018 12:04:26.46 [6056:5112:0810/120426.430:ERROR:in_progress_cache_impl.cc(191)] Cache is not initialized, cannot RetrieveEntry.
8월 10, 2018 12:04:26.46 [6056:5112:0810/120426.430:ERROR:in_progress_cache_impl.cc(191)] Cache is not initialized, cannot RetrieveEntry.
8월 10, 2018 12:04:26.46 [6056:5112:0810/120426.430:ERROR:in_progress_cache_impl.cc(191)] Cache is not initialized, cannot RetrieveEntry.
8월 10, 2018 12:04:26.46 [6056:5112:0810/120426.430:ERROR:in_progress_cache_impl.cc(191)] Cache is not initialized, cannot RetrieveEntry.
8월 10, 2018 12:04:26.46 [6056:5112:0810/120426.430:ERROR:in_progress_cache_impl.cc(191)] Cache is not initialized, cannot RetrieveEntry.
8월 10, 2018 12:04:26.46 [6056:5112:0810/120426.430:ERROR:in_progress_cache_impl.cc(191)] Cache is not initialized, cannot RetrieveEntry.
8월 10, 2018 12:04:26.46 [6056:5112:0810/120426.431:ERROR:in_progress_cache_impl.cc(191)] Cache is not initialized, cannot RetrieveEntry.
8월 10, 2018 12:04:26.46 [6056:5112:0810/120426.431:ERROR:in_progress_cache_impl.cc(191)] Cache is not initialized, cannot RetrieveEntry.
8월 10, 2018 12:04:26.46 [6056:5112:0810/120426.431:ERROR:in_progress_cache_impl.cc(191)] Cache is not initialized, cannot RetrieveEntry.
8월 10, 2018 12:04:26.46 [6056:5112:0810/120426.431:ERROR:in_progress_cache_impl.cc(191)] Cache is not initialized, cannot RetrieveEntry.
8월 10, 2018 12:04:26.46 [6056:5112:0810/120426.431:ERROR:in_progress_cache_impl.cc(191)] Cache is not initialized, cannot RetrieveEntry.
8월 10, 2018 12:04:26.46 [6056:5112:0810/120426.431:ERROR:in_progress_cache_impl.cc(191)] Cache is not initialized, cannot RetrieveEntry.
8월 10, 2018 12:04:26.46 [6056:5112:0810/120426.431:ERROR:in_progress_cache_impl.cc(191)] Cache is not initialized, cannot RetrieveEntry.
8월 10, 2018 12:04:26.46 [6056:5112:0810/120426.431:ERROR:in_progress_cache_impl.cc(191)] Cache is not initialized, cannot RetrieveEntry.
8월 10, 2018 12:04:26.46 [6056:5112:0810/120426.431:ERROR:in_progress_cache_impl.cc(191)] Cache is not initialized, cannot RetrieveEntry.
8월 10, 2018 12:04:26.46 [6056:5112:0810/120426.431:ERROR:in_progress_cache_impl.cc(191)] Cache is not initialized, cannot RetrieveEntry.
8월 10, 2018 12:04:26.46 [6056:5112:0810/120426.431:ERROR:in_progress_cache_impl.cc(191)] Cache is not initialized, cannot RetrieveEntry.
8월 10, 2018 12:04:26.46 [6056:5112:0810/120426.431:ERROR:in_progress_cache_impl.cc(191)] Cache is not initialized, cannot RetrieveEntry.
8월 10, 2018 12:04:26.46 [6056:5112:0810/120426.431:ERROR:in_progress_cache_impl.cc(191)] Cache is not initialized, cannot RetrieveEntry.
8월 10, 2018 12:04:26.46 [6056:5112:0810/120426.431:ERROR:in_progress_cache_impl.cc(191)] Cache is not initialized, cannot RetrieveEntry.
8월 10, 2018 12:04:26.46 [6056:5112:0810/120426.431:ERROR:in_progress_cache_impl.cc(191)] Cache is not initialized, cannot RetrieveEntry.
8월 10, 2018 12:04:26.46 [6056:5112:0810/120426.431:ERROR:in_progress_cache_impl.cc(191)] Cache is not initialized, cannot RetrieveEntry.
8월 10, 2018 12:04:26.46 [6056:5112:0810/120426.431:ERROR:in_progress_cache_impl.cc(191)] Cache is not initialized, cannot RetrieveEntry.
8월 10, 2018 12:04:26.46 [6056:5112:0810/120426.431:ERROR:in_progress_cache_impl.cc(191)] Cache is not initialized, cannot RetrieveEntry.
8월 10, 2018 12:04:26.46 [6056:5112:0810/120426.431:ERROR:in_progress_cache_impl.cc(191)] Cache is not initialized, cannot RetrieveEntry.
8월 10, 2018 12:04:26.46 [6056:5112:0810/120426.431:ERROR:in_progress_cache_impl.cc(191)] Cache is not initialized, cannot RetrieveEntry.
8월 10, 2018 12:04:26.46 [6056:5112:0810/120426.431:ERROR:in_progress_cache_impl.cc(191)] Cache is not initialized, cannot RetrieveEntry.
8월 10, 2018 12:04:26.47 [6056:5112:0810/120426.431:ERROR:in_progress_cache_impl.cc(191)] Cache is not initialized, cannot RetrieveEntry.
8월 10, 2018 12:04:26.47 [6056:5112:0810/120426.431:ERROR:in_progress_cache_impl.cc(191)] Cache is not initialized, cannot RetrieveEntry.
8월 10, 2018 12:04:26.47 [6056:5112:0810/120426.431:ERROR:in_progress_cache_impl.cc(191)] Cache is not initialized, cannot RetrieveEntry.
8월 10, 2018 12:04:26.47 [6056:5112:0810/120426.447:ERROR:in_progress_cache_impl.cc(191)] Cache is not initialized, cannot RetrieveEntry.
8월 10, 2018 12:04:26.47 [6056:5112:0810/120426.447:ERROR:in_progress_cache_impl.cc(191)] Cache is not initialized, cannot RetrieveEntry.
8월 10, 2018 12:04:26.47 [6056:5112:0810/120426.447:ERROR:in_progress_cache_impl.cc(191)] Cache is not initialized, cannot RetrieveEntry.
8월 10, 2018 12:04:26.47 [6056:5112:0810/120426.447:ERROR:in_progress_cache_impl.cc(191)] Cache is not initialized, cannot RetrieveEntry.
8월 10, 2018 12:04:26.47 [6056:5112:0810/120426.447:ERROR:in_progress_cache_impl.cc(191)] Cache is not initialized, cannot RetrieveEntry.
8월 10, 2018 12:04:26.47 [6056:5112:0810/120426.447:ERROR:in_progress_cache_impl.cc(191)] Cache is not initialized, cannot RetrieveEntry.
8월 10, 2018 12:04:26.47 [6056:5112:0810/120426.447:ERROR:in_progress_cache_impl.cc(191)] Cache is not initialized, cannot RetrieveEntry.
8월 10, 2018 12:04:26.47 [6056:5112:0810/120426.447:ERROR:in_progress_cache_impl.cc(191)] Cache is not initialized, cannot RetrieveEntry.
8월 10, 2018 12:04:26.47 [6056:5112:0810/120426.447:ERROR:in_progress_cache_impl.cc(191)] Cache is not initialized, cannot RetrieveEntry.
8월 10, 2018 12:04:26.47 [6056:5112:0810/120426.447:ERROR:in_progress_cache_impl.cc(191)] Cache is not initialized, cannot RetrieveEntry.
8월 10, 2018 12:04:26.47 [6056:5112:0810/120426.447:ERROR:in_progress_cache_impl.cc(191)] Cache is not initialized, cannot RetrieveEntry.
8월 10, 2018 12:04:26.47 [6056:5112:0810/120426.447:ERROR:in_progress_cache_impl.cc(191)] Cache is not initialized, cannot RetrieveEntry.
8월 10, 2018 12:04:26.47 [6056:5112:0810/120426.447:ERROR:in_progress_cache_impl.cc(191)] Cache is not initialized, cannot RetrieveEntry.
8월 10, 2018 12:04:26.47 [6056:5112:0810/120426.447:ERROR:in_progress_cache_impl.cc(191)] Cache is not initialized, cannot RetrieveEntry.
8월 10, 2018 12:04:26.47 [6056:5112:0810/120426.447:ERROR:in_progress_cache_impl.cc(191)] Cache is not initialized, cannot RetrieveEntry.
8월 10, 2018 12:04:26.47 [6056:5112:0810/120426.447:ERROR:in_progress_cache_impl.cc(191)] Cache is not initialized, cannot RetrieveEntry.
8월 10, 2018 12:04:26.47 [6056:5112:0810/120426.447:ERROR:in_progress_cache_impl.cc(191)] Cache is not initialized, cannot RetrieveEntry.
8월 10, 2018 12:04:26.47 [6056:5112:0810/120426.447:ERROR:in_progress_cache_impl.cc(191)] Cache is not initialized, cannot RetrieveEntry.
8월 10, 2018 12:04:26.47 [6056:5112:0810/120426.447:ERROR:in_progress_cache_impl.cc(191)] Cache is not initialized, cannot RetrieveEntry.
8월 10, 2018 12:04:26.47 [6056:5112:0810/120426.447:ERROR:in_progress_cache_impl.cc(191)] Cache is not initialized, cannot RetrieveEntry.
8월 10, 2018 12:04:26.47 [6056:5112:0810/120426.447:ERROR:in_progress_cache_impl.cc(191)] Cache is not initialized, cannot RetrieveEntry.
8월 10, 2018 12:04:26.47 [6056:5112:0810/120426.447:ERROR:in_progress_cache_impl.cc(191)] Cache is not initialized, cannot RetrieveEntry.
8월 10, 2018 12:04:26.47 [6056:5112:0810/120426.447:ERROR:in_progress_cache_impl.cc(191)] Cache is not initialized, cannot RetrieveEntry.
8월 10, 2018 12:04:26.47 [6056:5112:0810/120426.447:ERROR:in_progress_cache_impl.cc(191)] Cache is not initialized, cannot RetrieveEntry.
8월 10, 2018 12:04:26.47 [6056:5112:0810/120426.447:ERROR:in_progress_cache_impl.cc(191)] Cache is not initialized, cannot RetrieveEntry.
8월 10, 2018 12:04:26.47 [6056:5112:0810/120426.447:ERROR:in_progress_cache_impl.cc(191)] Cache is not initialized, cannot RetrieveEntry.
8월 10, 2018 12:04:26.47 [6056:5112:0810/120426.447:ERROR:in_progress_cache_impl.cc(191)] Cache is not initialized, cannot RetrieveEntry.
8월 10, 2018 12:04:26.47 [6056:5112:0810/120426.447:ERROR:in_progress_cache_impl.cc(191)] Cache is not initialized, cannot RetrieveEntry.
8월 10, 2018 12:04:26.47 [6056:5112:0810/120426.447:ERROR:in_progress_cache_impl.cc(191)] Cache is not initialized, cannot RetrieveEntry.
8월 10, 2018 12:04:26.47 [6056:5112:0810/120426.447:ERROR:in_progress_cache_impl.cc(191)] Cache is not initialized, cannot RetrieveEntry.
8월 10, 2018 12:04:26.47 [6056:5112:0810/120426.447:ERROR:in_progress_cache_impl.cc(191)] Cache is not initialized, cannot RetrieveEntry.
8월 10, 2018 12:04:26.47 [6056:5112:0810/120426.447:ERROR:in_progress_cache_impl.cc(191)] Cache is not initialized, cannot RetrieveEntry.
8월 10, 2018 12:04:26.47 [6056:5112:0810/120426.447:ERROR:in_progress_cache_impl.cc(191)] Cache is not initialized, cannot RetrieveEntry.
8월 10, 2018 12:04:26.47 [6056:5112:0810/120426.447:ERROR:in_progress_cache_impl.cc(191)] Cache is not initialized, cannot RetrieveEntry.
8월 10, 2018 12:05:11.41 Unable to read VR Path Registry from C:\Users\user\AppData\Local\openvr\openvrpaths.vrpath
8월 10, 2018 12:08:11.07 Unable to read VR Path Registry from C:\Users\user\AppData\Local\openvr\openvrpaths.vrpath
